<?xml version="1.0" encoding="UTF-8"?>
<testsuite xmlns:xsi="http://www.w3.org/2001/XMLSchema-instance" xsi:noNamespaceSchemaLocation="https://maven.apache.org/surefire/maven-surefire-plugin/xsd/surefire-test-report.xsd" name="com.example.SpringbootSsmpApplicationTests" time="6.174" tests="9" errors="0" skipped="0" failures="0">
  <properties>
[...]
</properties>
  <testcase name="testSelectAll" classname="com.example.SpringbootSsmpApplicationTests" time="1.07"/>
  <testcase name="testGetByPageWithCondition" classname="com.example.SpringbootSsmpApplicationTests" time="0.181"/>
  <testcase name="testPageSelect" classname="com.example.SpringbootSsmpApplicationTests" time="0.053"/>
  <testcase name="testGetByCondition" classname="com.example.SpringbootSsmpApplicationTests" time="0.031"/>
  <testcase name="testDelete" classname="com.example.SpringbootSsmpApplicationTests" time="0.048"/>
  <testcase name="testInsert" classname="com.example.SpringbootSsmpApplicationTests" time="0.054"/>
  <testcase name="testUpdate" classname="com.example.SpringbootSsmpApplicationTests" time="0.049"/>
  <testcase name="testSelectById" classname="com.example.SpringbootSsmpApplicationTests" time="0.028"/>
  <testcase name="testSelectByWrapper" classname="com.example.SpringbootSsmpApplicationTests" time="0.03"/>
</testsuite>